<?xml version="1.0" encoding="UTF-8"?>
<testsuite name="apple.gdb.LibraryTest" tests="1" skipped="0" failures="0" errors="0" timestamp="2023-11-14T18:30:36" hostname="Local-Admins-MacBook-Pro.local" time="0.019">
  <properties/>
  <testcase name="someLibraryMethodReturnsTrue()" classname="apple.gdb.LibraryTest" time="0.019"/>
  <system-out><![CDATA[]]></system-out>
  <system-err><![CDATA[]]></system-err>
</testsuite>
